-------------------------------------------------------------------------------------------
      name:  <unnamed>
       log:  D:\Dropbox\2019S\571\ECON571_lab_2019S\Lab\logsHW10.log
  log type:  text
 opened on:  26 Apr 2019, 12:19:26

. 
. * Ignoring the fixed effects
. reg math4 y93 y94 y95 y96 y97 y98 lrexpp lenrol lunch

      Source |       SS           df       MS      Number of obs   =     3,850
-------------+----------------------------------   F(9, 3840)      =    559.12
       Model |  722991.351         9  80332.3723   Prob > F        =    0.0000
    Residual |  551716.307     3,840  143.676122   R-squared       =    0.5672
-------------+----------------------------------   Adj R-squared   =    0.5662
       Total |  1274707.66     3,849  331.178919   Root MSE        =    11.986

------------------------------------------------------------------------------
       math4 |      Coef.   Std. Err.      t    P>|t|     [95% Conf. Interval]
-------------+----------------------------------------------------------------
         y93 |   6.470661   .7232499     8.95   0.000      5.05267    7.888651
         y94 |    12.4951   .7279972    17.16   0.000      11.0678     13.9224
         y95 |   24.38428   .7554268    32.28   0.000     22.90321    25.86536
         y96 |     24.689   .7614322    32.42   0.000     23.19615    26.18185
         y97 |   21.98691   .7700203    28.55   0.000     20.47722     23.4966
         y98 |   37.19954    .774043    48.06   0.000     35.68196    38.71711
      lrexpp |    8.42089   1.103118     7.63   0.000     6.258136    10.58364
      lenrol |   .4763886   .1897545     2.51   0.012     .1043593    .8484178
       lunch |  -.4141128   .0128167   -32.31   0.000    -.4392411   -.3889845
       _cons |  -27.35903   9.111108    -3.00   0.003     -45.2221   -9.495952
------------------------------------------------------------------------------

. * Year effects are significant
. * Interpretation of lrexpp: 
. * 1% increase in expenditure leads to beta/100 change in math scores
. 
. * Fit the differenced model
. xtset distid year /*declare panel data*/
       panel variable:  distid (strongly balanced)
        time variable:  year, 1992 to 1998
                delta:  1 unit

. reg d.math4 y94-y98 d.lrexpp d.lenrol d.lunch

      Source |       SS           df       MS      Number of obs   =     3,300
-------------+----------------------------------   F(8, 3291)      =    108.03
       Model |  122398.669         8  15299.8336   Prob > F        =    0.0000
    Residual |  466100.028     3,291  141.628693   R-squared       =    0.2080
-------------+----------------------------------   Adj R-squared   =    0.2061
       Total |  588498.697     3,299  178.386995   Root MSE        =    11.901

------------------------------------------------------------------------------
     D.math4 |      Coef.   Std. Err.      t    P>|t|     [95% Conf. Interval]
-------------+----------------------------------------------------------------
         y94 |   .5210521   .7283771     0.72   0.474    -.9070661     1.94917
         y95 |   6.812446   .7786636     8.75   0.000     5.285732    8.339161
         y96 |   -5.23489   .7271019    -7.20   0.000    -6.660508   -3.809272
         y97 |  -8.488463   .7222014   -11.75   0.000    -9.904472   -7.072453
         y98 |   8.967841   .7192335    12.47   0.000      7.55765    10.37803
             |
      lrexpp |
         D1. |  -3.447268   2.760079    -1.25   0.212    -8.858913    1.964377
             |
      lenrol |
         D1. |   .6345335   1.028603     0.62   0.537    -1.382233      2.6513
             |
       lunch |
         D1. |    .025074   .0554734     0.45   0.651     -.083692    .1338399
             |
       _cons |   5.954963   .5182347    11.49   0.000     4.938868    6.971058
------------------------------------------------------------------------------

. * The coefficents differ, suggesting that the fixed effects bias the estimats.
. * However, none of the regressors are significant now. Try lagged effects...
. * reg d.math4 y95-y98 l(0/1).d.lrexpp d.lenrol d.lunch
. 
. log close
      name:  <unnamed>
       log:  D:\Dropbox\2019S\571\ECON571_lab_2019S\Lab\logsHW10.log
  log type:  text
 closed on:  26 Apr 2019, 12:19:27
-------------------------------------------------------------------------------------------
